{"C:\\Users\\fredd\\Personal Projects\\fjord\\backend\\controllers\\users.js": {"path":"C:\\Users\\fredd\\Personal Projects\\fjord\\backend\\controllers\\users.js","statementMap":{"0":{"start":{"line":1,"column":17},"end":{"line":1,"column":36}},"1":{"start":{"line":2,"column":13},"end":{"line":2,"column":38}},"2":{"start":{"line":3,"column":12},"end":{"line":3,"column":35}},"3":{"start":{"line":4,"column":15},"end":{"line":4,"column":32}},"4":{"start":{"line":7,"column":21},"end":{"line":37,"column":1}},"5":{"start":{"line":8,"column":4},"end":{"line":36,"column":5}},"6":{"start":{"line":9,"column":39},"end":{"line":9,"column":47}},"7":{"start":{"line":12,"column":8},"end":{"line":14,"column":9}},"8":{"start":{"line":13,"column":12},"end":{"line":13,"column":89}},"9":{"start":{"line":17,"column":29},"end":{"line":17,"column":72}},"10":{"start":{"line":18,"column":8},"end":{"line":20,"column":9}},"11":{"start":{"line":19,"column":12},"end":{"line":19,"column":110}},"12":{"start":{"line":23,"column":31},"end":{"line":23,"column":62}},"13":{"start":{"line":24,"column":24},"end":{"line":27,"column":10}},"14":{"start":{"line":29,"column":8},"end":{"line":29,"column":29}},"15":{"start":{"line":30,"column":8},"end":{"line":30,"column":71}},"16":{"start":{"line":34,"column":8},"end":{"line":34,"column":29}},"17":{"start":{"line":35,"column":8},"end":{"line":35,"column":63}},"18":{"start":{"line":41,"column":18},"end":{"line":73,"column":1}},"19":{"start":{"line":42,"column":4},"end":{"line":72,"column":5}},"20":{"start":{"line":43,"column":37},"end":{"line":43,"column":45}},"21":{"start":{"line":46,"column":19},"end":{"line":46,"column":51}},"22":{"start":{"line":47,"column":6},"end":{"line":49,"column":7}},"23":{"start":{"line":48,"column":8},"end":{"line":48,"column":78}},"24":{"start":{"line":52,"column":28},"end":{"line":52,"column":73}},"25":{"start":{"line":54,"column":6},"end":{"line":68,"column":7}},"26":{"start":{"line":56,"column":22},"end":{"line":59,"column":10}},"27":{"start":{"line":62,"column":8},"end":{"line":65,"column":20}},"28":{"start":{"line":67,"column":8},"end":{"line":67,"column":71}},"29":{"start":{"line":70,"column":6},"end":{"line":70,"column":25}},"30":{"start":{"line":71,"column":6},"end":{"line":71,"column":72}},"31":{"start":{"line":79,"column":19},"end":{"line":96,"column":1}},"32":{"start":{"line":80,"column":4},"end":{"line":95,"column":5}},"33":{"start":{"line":81,"column":27},"end":{"line":81,"column":37}},"34":{"start":{"line":84,"column":21},"end":{"line":84,"column":48}},"35":{"start":{"line":85,"column":8},"end":{"line":87,"column":9}},"36":{"start":{"line":86,"column":12},"end":{"line":86,"column":78}},"37":{"start":{"line":90,"column":8},"end":{"line":90,"column":45}},"38":{"start":{"line":91,"column":8},"end":{"line":91,"column":78}},"39":{"start":{"line":93,"column":8},"end":{"line":93,"column":29}},"40":{"start":{"line":94,"column":8},"end":{"line":94,"column":74}},"41":{"start":{"line":98,"column":21},"end":{"line":120,"column":1}},"42":{"start":{"line":99,"column":23},"end":{"line":99,"column":33}},"43":{"start":{"line":101,"column":4},"end":{"line":104,"column":5}},"44":{"start":{"line":102,"column":8},"end":{"line":102,"column":43}},"45":{"start":{"line":103,"column":8},"end":{"line":103,"column":88}},"46":{"start":{"line":106,"column":4},"end":{"line":119,"column":5}},"47":{"start":{"line":107,"column":21},"end":{"line":107,"column":82}},"48":{"start":{"line":109,"column":8},"end":{"line":112,"column":9}},"49":{"start":{"line":110,"column":12},"end":{"line":110,"column":59}},"50":{"start":{"line":111,"column":12},"end":{"line":111,"column":87}},"51":{"start":{"line":114,"column":8},"end":{"line":114,"column":56}},"52":{"start":{"line":115,"column":8},"end":{"line":115,"column":42}},"53":{"start":{"line":117,"column":8},"end":{"line":117,"column":53}},"54":{"start":{"line":118,"column":8},"end":{"line":118,"column":72}},"55":{"start":{"line":122,"column":0},"end":{"line":127,"column":2}}},"fnMap":{"0":{"name":"(anonymous_0)","decl":{"start":{"line":7,"column":21},"end":{"line":7,"column":22}},"loc":{"start":{"line":7,"column":41},"end":{"line":37,"column":1}},"line":7},"1":{"name":"(anonymous_1)","decl":{"start":{"line":41,"column":18},"end":{"line":41,"column":19}},"loc":{"start":{"line":41,"column":38},"end":{"line":73,"column":1}},"line":41},"2":{"name":"(anonymous_2)","decl":{"start":{"line":79,"column":19},"end":{"line":79,"column":20}},"loc":{"start":{"line":79,"column":39},"end":{"line":96,"column":1}},"line":79},"3":{"name":"(anonymous_3)","decl":{"start":{"line":98,"column":21},"end":{"line":98,"column":22}},"loc":{"start":{"line":98,"column":41},"end":{"line":120,"column":1}},"line":98}},"branchMap":{"0":{"loc":{"start":{"line":12,"column":8},"end":{"line":14,"column":9}},"type":"if","locations":[{"start":{"line":12,"column":8},"end":{"line":14,"column":9}},{"start":{},"end":{}}],"line":12},"1":{"loc":{"start":{"line":12,"column":12},"end":{"line":12,"column":34}},"type":"binary-expr","locations":[{"start":{"line":12,"column":12},"end":{"line":12,"column":21}},{"start":{"line":12,"column":25},"end":{"line":12,"column":34}}],"line":12},"2":{"loc":{"start":{"line":18,"column":8},"end":{"line":20,"column":9}},"type":"if","locations":[{"start":{"line":18,"column":8},"end":{"line":20,"column":9}},{"start":{},"end":{}}],"line":18},"3":{"loc":{"start":{"line":47,"column":6},"end":{"line":49,"column":7}},"type":"if","locations":[{"start":{"line":47,"column":6},"end":{"line":49,"column":7}},{"start":{},"end":{}}],"line":47},"4":{"loc":{"start":{"line":54,"column":6},"end":{"line":68,"column":7}},"type":"if","locations":[{"start":{"line":54,"column":6},"end":{"line":68,"column":7}},{"start":{"line":66,"column":13},"end":{"line":68,"column":7}}],"line":54},"5":{"loc":{"start":{"line":85,"column":8},"end":{"line":87,"column":9}},"type":"if","locations":[{"start":{"line":85,"column":8},"end":{"line":87,"column":9}},{"start":{},"end":{}}],"line":85},"6":{"loc":{"start":{"line":101,"column":4},"end":{"line":104,"column":5}},"type":"if","locations":[{"start":{"line":101,"column":4},"end":{"line":104,"column":5}},{"start":{},"end":{}}],"line":101},"7":{"loc":{"start":{"line":109,"column":8},"end":{"line":112,"column":9}},"type":"if","locations":[{"start":{"line":109,"column":8},"end":{"line":112,"column":9}},{"start":{},"end":{}}],"line":109}},"s":{"0":1,"1":1,"2":1,"3":1,"4":1,"5":3,"6":3,"7":3,"8":1,"9":2,"10":2,"11":1,"12":1,"13":1,"14":1,"15":1,"16":0,"17":0,"18":1,"19":0,"20":0,"21":0,"22":0,"23":0,"24":0,"25":0,"26":0,"27":0,"28":0,"29":0,"30":0,"31":1,"32":0,"33":0,"34":0,"35":0,"36":0,"37":0,"38":0,"39":0,"40":0,"41":1,"42":0,"43":0,"44":0,"45":0,"46":0,"47":0,"48":0,"49":0,"50":0,"51":0,"52":0,"53":0,"54":0,"55":1},"f":{"0":3,"1":0,"2":0,"3":0},"b":{"0":[1,2],"1":[3,2],"2":[1,1],"3":[0,0],"4":[0,0],"5":[0,0],"6":[0,0],"7":[0,0]},"_coverageSchema":"1a1c01bbd47fc00a2c39e90264f33305004495a9","hash":"5e62bd8af331a28b79d190ba2b00c5ea3e73ba1e"}
,"C:\\Users\\fredd\\Personal Projects\\fjord\\backend\\models\\user.js": {"path":"C:\\Users\\fredd\\Personal Projects\\fjord\\backend\\models\\user.js","statementMap":{"0":{"start":{"line":1,"column":17},"end":{"line":1,"column":36}},"1":{"start":{"line":2,"column":15},"end":{"line":2,"column":30}},"2":{"start":{"line":4,"column":19},"end":{"line":7,"column":2}},"3":{"start":{"line":9,"column":0},"end":{"line":9,"column":52}}},"fnMap":{},"branchMap":{},"s":{"0":1,"1":1,"2":1,"3":1},"f":{},"b":{},"_coverageSchema":"1a1c01bbd47fc00a2c39e90264f33305004495a9","hash":"cacbb23d8bf558360c4954e466123e17a47a3212"}
}
