TN:
SF:controllers\users.js
FN:7,(anonymous_0)
FN:41,(anonymous_1)
FN:79,(anonymous_2)
FN:98,(anonymous_3)
FNF:4
FNH:4
FNDA:3,(anonymous_0)
FNDA:3,(anonymous_1)
FNDA:2,(anonymous_2)
FNDA:3,(anonymous_3)
DA:1,1
DA:2,1
DA:3,1
DA:4,1
DA:7,1
DA:8,3
DA:9,3
DA:12,3
DA:13,1
DA:17,2
DA:18,2
DA:19,1
DA:23,1
DA:24,1
DA:29,1
DA:30,1
DA:34,0
DA:35,0
DA:41,1
DA:42,3
DA:43,3
DA:46,3
DA:47,3
DA:48,1
DA:52,2
DA:54,2
DA:56,1
DA:62,1
DA:67,1
DA:70,0
DA:71,0
DA:79,1
DA:80,2
DA:81,2
DA:84,2
DA:85,2
DA:86,1
DA:90,1
DA:91,1
DA:93,0
DA:94,0
DA:98,1
DA:99,3
DA:101,3
DA:102,1
DA:103,1
DA:106,2
DA:107,2
DA:109,2
DA:110,1
DA:111,1
DA:114,1
DA:115,1
DA:117,0
DA:118,0
DA:122,1
LF:56
LH:48
BRDA:12,0,0,1
BRDA:12,0,1,2
BRDA:12,1,0,3
BRDA:12,1,1,2
BRDA:18,2,0,1
BRDA:18,2,1,1
BRDA:47,3,0,1
BRDA:47,3,1,2
BRDA:54,4,0,1
BRDA:54,4,1,1
BRDA:85,5,0,1
BRDA:85,5,1,1
BRDA:101,6,0,1
BRDA:101,6,1,2
BRDA:109,7,0,1
BRDA:109,7,1,1
BRF:16
BRH:16
end_of_record
TN:
SF:models\user.js
FNF:0
FNH:0
DA:1,1
DA:2,1
DA:4,1
DA:9,1
LF:4
LH:4
BRF:0
BRH:0
end_of_record
